c:\users\82104\source\repos\sn2018111393\sn2018111393\debug\sn2018111393.pch
c:\users\82104\source\repos\sn2018111393\sn2018111393\debug\vc141.pdb
c:\users\82104\source\repos\sn2018111393\sn2018111393\debug\vc141.idb
c:\users\82104\source\repos\sn2018111393\sn2018111393\debug\pch.obj
c:\users\82104\source\repos\sn2018111393\sn2018111393\debug\sn2018111393view.obj
c:\users\82104\source\repos\sn2018111393\sn2018111393\debug\sn2018111393doc.obj
c:\users\82104\source\repos\sn2018111393\sn2018111393\debug\sn2018111393.obj
c:\users\82104\source\repos\sn2018111393\sn2018111393\debug\mainfrm.obj
c:\users\82104\source\repos\sn2018111393\sn2018111393\debug\childfrm.obj
c:\users\82104\source\repos\sn2018111393\debug\sn2018111393.ilk
c:\users\82104\source\repos\sn2018111393\debug\sn2018111393.exe
c:\users\82104\source\repos\sn2018111393\debug\sn2018111393.pdb
c:\users\82104\source\repos\sn2018111393\sn2018111393\debug\sn2018111393.res
c:\users\82104\source\repos\sn2018111393\sn2018111393\debug\sn2018111393.tlog\cl.command.1.tlog
c:\users\82104\source\repos\sn2018111393\sn2018111393\debug\sn2018111393.tlog\cl.read.1.tlog
c:\users\82104\source\repos\sn2018111393\sn2018111393\debug\sn2018111393.tlog\cl.write.1.tlog
c:\users\82104\source\repos\sn2018111393\sn2018111393\debug\sn2018111393.tlog\link.command.1.tlog
c:\users\82104\source\repos\sn2018111393\sn2018111393\debug\sn2018111393.tlog\link.read.1.tlog
c:\users\82104\source\repos\sn2018111393\sn2018111393\debug\sn2018111393.tlog\link.write.1.tlog
c:\users\82104\source\repos\sn2018111393\sn2018111393\debug\sn2018111393.tlog\rc.command.1.tlog
c:\users\82104\source\repos\sn2018111393\sn2018111393\debug\sn2018111393.tlog\rc.read.1.tlog
c:\users\82104\source\repos\sn2018111393\sn2018111393\debug\sn2018111393.tlog\rc.write.1.tlog
